Traceback (most recent call last):
  File "/home/bessa/Dropbox/PROJETOS/em_curso/thatscrapper/dev_ipynb/test.py", line 18, in <module>
    raise err
  File "/home/bessa/Dropbox/PROJETOS/em_curso/thatscrapper/dev_ipynb/test.py", line 10, in <module>
    novidades = crawler.child_of(headerv2, "header-v2__nav2-wrapper", "class name")
  File "/home/bessa/Dropbox/PROJETOS/em_curso/thatscrapper/src/thatscrapper/browser.py", line 143, in inner
    raise err  # 2
  File "/home/bessa/Dropbox/PROJETOS/em_curso/thatscrapper/src/thatscrapper/browser.py", line 136, in inner
    return method(self, *args, **kwargs)
  File "/home/bessa/Dropbox/PROJETOS/em_curso/thatscrapper/src/thatscrapper/browser.py", line 225, in child_of
    child = polling2.poll(
  File "/home/bessa/Dropbox/PROJETOS/em_curso/thatscrapper/.py39/lib/python3.9/site-packages/polling2.py", line 193, in poll
    val = target(*args, **kwargs)
  File "/home/bessa/Dropbox/PROJETOS/em_curso/thatscrapper/src/thatscrapper/browser.py", line 226, in <lambda>
    lambda: element.find_element(ATTR_SELECTOR[by], value),
  File "/home/bessa/Dropbox/PROJETOS/em_curso/thatscrapper/.py39/lib/python3.9/site-packages/selenium/webdriver/remote/webelement.py", line 419, in find_element
    return self._execute(Command.FIND_CHILD_ELEMENT,
  File "/home/bessa/Dropbox/PROJETOS/em_curso/thatscrapper/.py39/lib/python3.9/site-packages/selenium/webdriver/remote/webelement.py", line 396, in _execute
    return self._parent.execute(command, params)
  File "/home/bessa/Dropbox/PROJETOS/em_curso/thatscrapper/.py39/lib/python3.9/site-packages/selenium/webdriver/remote/webdriver.py", line 429, in execute
    self.error_handler.check_response(response)
  File "/home/bessa/Dropbox/PROJETOS/em_curso/thatscrapper/.py39/lib/python3.9/site-packages/selenium/webdriver/remote/errorhandler.py", line 243, in check_response
    raise exception_class(message, screen, stacktrace)
selenium.common.exceptions.StaleElementReferenceException: Message: The element reference of <div class="header-v2__two j-category-nav2"> is stale; either the element is no longer attached to the DOM, it is not in the current frame context, or the document has been refreshed
Stacktrace:
RemoteError@chrome://remote/content/shared/RemoteError.jsm:12:1
WebDriverError@chrome://remote/content/shared/webdriver/Errors.jsm:192:5
StaleElementReferenceError@chrome://remote/content/shared/webdriver/Errors.jsm:473:5
element.resolveElement@chrome://remote/content/marionette/element.js:690:11
evaluate.fromJSON@chrome://remote/content/marionette/evaluate.js:262:31
evaluate.fromJSON@chrome://remote/content/marionette/evaluate.js:270:29
evaluate.fromJSON@chrome://remote/content/marionette/evaluate.js:270:29
receiveMessage@chrome://remote/content/marionette/actors/MarionetteCommandsChild.jsm:80:34

